# JRE version: OpenJDK Runtime Environment Temurin-17.0.10+7 (17.0.10+7) (build 17.0.10+7)
# Java VM: OpenJDK 64-Bit Server VM Temurin-17.0.10+7 (17.0.10+7, mixed mode, tiered, compressed oops, compressed class ptrs, parallel gc, windows-amd64)
GC Precious Log:
 CPUs: 8 total, 8 available
 Memory: 7123M
 Large Page Support: Disabled
 NUMA Support: Disabled
 Compressed Oops: Enabled (32-bit)
 Alignments: Space 512K, Generation 512K, Heap 2M
 Heap Min Capacity: 100M
 Heap Initial Capacity: 100M
 Heap Max Capacity: 1G
 Pre-touch: Disabled
 Parallel Workers: 8
Heap:
 PSYoungGen      total 24064K, used 17369K [0x00000000eab00000, 0x00000000ec700000, 0x0000000100000000)
  eden space 22528K, 71% used [0x00000000eab00000,0x00000000ebad4e80,0x00000000ec100000)
  from space 1536K, 75% used [0x00000000ec580000,0x00000000ec6a1760,0x00000000ec700000)
  to   space 1536K, 0% used [0x00000000ec400000,0x00000000ec400000,0x00000000ec580000)
 ParOldGen       total 68608K, used 16618K [0x00000000c0000000, 0x00000000c4300000, 0x00000000eab00000)
  object space 68608K, 24% used [0x00000000c0000000,0x00000000c103ab30,0x00000000c4300000)
 Metaspace       used 41900K, committed 42816K, reserved 1114112K
  class space    used 4371K, committed 4800K, reserved 1048576K
GC Heap History (20 events):
Event: 4.105 GC heap before
{Heap before GC invocations=5 (full 0):
 PSYoungGen      total 29696K, used 11248K [0x00000000eab00000, 0x00000000ecc00000, 0x0000000100000000)
  eden space 25600K, 27% used [0x00000000eab00000,0x00000000eb1fc4c0,0x00000000ec400000)
  from space 4096K, 99% used [0x00000000ec800000,0x00000000ecbffc88,0x00000000ecc00000)
  to   space 4096K, 0% used [0x00000000ec400000,0x00000000ec400000,0x00000000ec800000)
 ParOldGen       total 68608K, used 6501K [0x00000000c0000000, 0x00000000c4300000, 0x00000000eab00000)
  object space 68608K, 9% used [0x00000000c0000000,0x00000000c06597b8,0x00000000c4300000)
 Metaspace       used 21156K, committed 21504K, reserved 1114112K
  class space    used 2140K, committed 2304K, reserved 1048576K
}
Event: 4.109 GC heap after
{Heap after GC invocations=5 (full 0):
 PSYoungGen      total 29696K, used 4079K [0x00000000eab00000, 0x00000000ece00000, 0x0000000100000000)
  eden space 25600K, 0% used [0x00000000eab00000,0x00000000eab00000,0x00000000ec400000)
  from space 4096K, 99% used [0x00000000ec400000,0x00000000ec7fbe68,0x00000000ec800000)
  to   space 5120K, 0% used [0x00000000ec900000,0x00000000ec900000,0x00000000ece00000)
 ParOldGen       total 68608K, used 7111K [0x00000000c0000000, 0x00000000c4300000, 0x00000000eab00000)
  object space 68608K, 10% used [0x00000000c0000000,0x00000000c06f1ce8,0x00000000c4300000)
 Metaspace       used 21156K, committed 21504K, reserved 1114112K
  class space    used 2140K, committed 2304K, reserved 1048576K
}
Event: 4.109 GC heap before
{Heap before GC invocations=6 (full 1):
 PSYoungGen      total 29696K, used 4079K [0x00000000eab00000, 0x00000000ece00000, 0x0000000100000000)
  eden space 25600K, 0% used [0x00000000eab00000,0x00000000eab00000,0x00000000ec400000)
  from space 4096K, 99% used [0x00000000ec400000,0x00000000ec7fbe68,0x00000000ec800000)
  to   space 5120K, 0% used [0x00000000ec900000,0x00000000ec900000,0x00000000ece00000)
 ParOldGen       total 68608K, used 7111K [0x00000000c0000000, 0x00000000c4300000, 0x00000000eab00000)
  object space 68608K, 10% used [0x00000000c0000000,0x00000000c06f1ce8,0x00000000c4300000)
 Metaspace       used 21156K, committed 21504K, reserved 1114112K
  class space    used 2140K, committed 2304K, reserved 1048576K
}
Event: 4.133 GC heap after
{Heap after GC invocations=6 (full 1):
 PSYoungGen      total 29696K, used 0K [0x00000000eab00000, 0x00000000ece00000, 0x0000000100000000)
  eden space 25600K, 0% used [0x00000000eab00000,0x00000000eab00000,0x00000000ec400000)
  from space 4096K, 0% used [0x00000000ec400000,0x00000000ec400000,0x00000000ec800000)
  to   space 5120K, 0% used [0x00000000ec900000,0x00000000ec900000,0x00000000ece00000)
 ParOldGen       total 68608K, used 10928K [0x00000000c0000000, 0x00000000c4300000, 0x00000000eab00000)
  object space 68608K, 15% used [0x00000000c0000000,0x00000000c0aac2a0,0x00000000c4300000)
 Metaspace       used 21156K, committed 21504K, reserved 1114112K
  class space    used 2140K, committed 2304K, reserved 1048576K
}
Event: 4.735 GC heap before
{Heap before GC invocations=7 (full 1):
 PSYoungGen      total 29696K, used 25600K [0x00000000eab00000, 0x00000000ece00000, 0x0000000100000000)
  eden space 25600K, 100% used [0x00000000eab00000,0x00000000ec400000,0x00000000ec400000)
  from space 4096K, 0% used [0x00000000ec400000,0x00000000ec400000,0x00000000ec800000)
  to   space 5120K, 0% used [0x00000000ec900000,0x00000000ec900000,0x00000000ece00000)
 ParOldGen       total 68608K, used 10928K [0x00000000c0000000, 0x00000000c4300000, 0x00000000eab00000)
  object space 68608K, 15% used [0x00000000c0000000,0x00000000c0aac2a0,0x00000000c4300000)
 Metaspace       used 24475K, committed 24960K, reserved 1114112K
  class space    used 2491K, committed 2688K, reserved 1048576K
}
Event: 4.737 GC heap after
{Heap after GC invocations=7 (full 1):
 PSYoungGen      total 26112K, used 737K [0x00000000eab00000, 0x00000000eca00000, 0x0000000100000000)
  eden space 25088K, 0% used [0x00000000eab00000,0x00000000eab00000,0x00000000ec380000)
  from space 1024K, 72% used [0x00000000ec900000,0x00000000ec9b86f8,0x00000000eca00000)
  to   space 2560K, 0% used [0x00000000ec500000,0x00000000ec500000,0x00000000ec780000)
 ParOldGen       total 68608K, used 10936K [0x00000000c0000000, 0x00000000c4300000, 0x00000000eab00000)
  object space 68608K, 15% used [0x00000000c0000000,0x00000000c0aae2a0,0x00000000c4300000)
 Metaspace       used 24475K, committed 24960K, reserved 1114112K
  class space    used 2491K, committed 2688K, reserved 1048576K
}
Event: 5.248 GC heap before
{Heap before GC invocations=8 (full 1):
 PSYoungGen      total 26112K, used 25825K [0x00000000eab00000, 0x00000000eca00000, 0x0000000100000000)
  eden space 25088K, 100% used [0x00000000eab00000,0x00000000ec380000,0x00000000ec380000)
  from space 1024K, 72% used [0x00000000ec900000,0x00000000ec9b86f8,0x00000000eca00000)
  to   space 2560K, 0% used [0x00000000ec500000,0x00000000ec500000,0x00000000ec780000)
 ParOldGen       total 68608K, used 10936K [0x00000000c0000000, 0x00000000c4300000, 0x00000000eab00000)
  object space 68608K, 15% used [0x00000000c0000000,0x00000000c0aae2a0,0x00000000c4300000)
 Metaspace       used 27378K, committed 28096K, reserved 1114112K
  class space    used 2833K, committed 3136K, reserved 1048576K
}
Event: 5.252 GC heap after
{Heap after GC invocations=8 (full 1):
 PSYoungGen      total 27136K, used 2551K [0x00000000eab00000, 0x00000000ecc00000, 0x0000000100000000)
  eden space 24576K, 0% used [0x00000000eab00000,0x00000000eab00000,0x00000000ec300000)
  from space 2560K, 99% used [0x00000000ec500000,0x00000000ec77dcd0,0x00000000ec780000)
  to   space 4608K, 0% used [0x00000000ec780000,0x00000000ec780000,0x00000000ecc00000)
 ParOldGen       total 68608K, used 12011K [0x00000000c0000000, 0x00000000c4300000, 0x00000000eab00000)
  object space 68608K, 17% used [0x00000000c0000000,0x00000000c0bbada8,0x00000000c4300000)
 Metaspace       used 27378K, committed 28096K, reserved 1114112K
  class space    used 2833K, committed 3136K, reserved 1048576K
}
Event: 5.486 GC heap before
{Heap before GC invocations=9 (full 1):
 PSYoungGen      total 27136K, used 27127K [0x00000000eab00000, 0x00000000ecc00000, 0x0000000100000000)
  eden space 24576K, 100% used [0x00000000eab00000,0x00000000ec300000,0x00000000ec300000)
  from space 2560K, 99% used [0x00000000ec500000,0x00000000ec77dcd0,0x00000000ec780000)
  to   space 4608K, 0% used [0x00000000ec780000,0x00000000ec780000,0x00000000ecc00000)
 ParOldGen       total 68608K, used 12011K [0x00000000c0000000, 0x00000000c4300000, 0x00000000eab00000)
  object space 68608K, 17% used [0x00000000c0000000,0x00000000c0bbada8,0x00000000c4300000)
 Metaspace       used 30096K, committed 30784K, reserved 1114112K
  class space    used 3013K, committed 3328K, reserved 1048576K
}
Event: 5.488 GC heap after
{Heap after GC invocations=9 (full 1):
 PSYoungGen      total 27136K, used 2871K [0x00000000eab00000, 0x00000000eca80000, 0x0000000100000000)
  eden space 24064K, 0% used [0x00000000eab00000,0x00000000eab00000,0x00000000ec280000)
  from space 3072K, 93% used [0x00000000ec780000,0x00000000eca4dc68,0x00000000eca80000)
  to   space 3584K, 0% used [0x00000000ec380000,0x00000000ec380000,0x00000000ec700000)
 ParOldGen       total 68608K, used 12019K [0x00000000c0000000, 0x00000000c4300000, 0x00000000eab00000)
  object space 68608K, 17% used [0x00000000c0000000,0x00000000c0bbcda8,0x00000000c4300000)
 Metaspace       used 30096K, committed 30784K, reserved 1114112K
  class space    used 3013K, committed 3328K, reserved 1048576K
}
Event: 5.733 GC heap before
{Heap before GC invocations=10 (full 1):
 PSYoungGen      total 27136K, used 26935K [0x00000000eab00000, 0x00000000eca80000, 0x0000000100000000)
  eden space 24064K, 100% used [0x00000000eab00000,0x00000000ec280000,0x00000000ec280000)
  from space 3072K, 93% used [0x00000000ec780000,0x00000000eca4dc68,0x00000000eca80000)
  to   space 3584K, 0% used [0x00000000ec380000,0x00000000ec380000,0x00000000ec700000)
 ParOldGen       total 68608K, used 12019K [0x00000000c0000000, 0x00000000c4300000, 0x00000000eab00000)
  object space 68608K, 17% used [0x00000000c0000000,0x00000000c0bbcda8,0x00000000c4300000)
 Metaspace       used 32742K, committed 33472K, reserved 1114112K
  class space    used 3220K, committed 3520K, reserved 1048576K
}
Event: 5.737 GC heap after
{Heap after GC invocations=10 (full 1):
 PSYoungGen      total 27136K, used 3539K [0x00000000eab00000, 0x00000000eca00000, 0x0000000100000000)
  eden space 23552K, 0% used [0x00000000eab00000,0x00000000eab00000,0x00000000ec200000)
  from space 3584K, 98% used [0x00000000ec380000,0x00000000ec6f4cf8,0x00000000ec700000)
  to   space 3072K, 0% used [0x00000000ec700000,0x00000000ec700000,0x00000000eca00000)
 ParOldGen       total 68608K, used 13219K [0x00000000c0000000, 0x00000000c4300000, 0x00000000eab00000)
  object space 68608K, 19% used [0x00000000c0000000,0x00000000c0ce8dc8,0x00000000c4300000)
 Metaspace       used 32742K, committed 33472K, reserved 1114112K
  class space    used 3220K, committed 3520K, reserved 1048576K
}
Event: 6.210 GC heap before
{Heap before GC invocations=11 (full 1):
 PSYoungGen      total 27136K, used 21877K [0x00000000eab00000, 0x00000000eca00000, 0x0000000100000000)
  eden space 23552K, 77% used [0x00000000eab00000,0x00000000ebce87e0,0x00000000ec200000)
  from space 3584K, 98% used [0x00000000ec380000,0x00000000ec6f4cf8,0x00000000ec700000)
  to   space 3072K, 0% used [0x00000000ec700000,0x00000000ec700000,0x00000000eca00000)
 ParOldGen       total 68608K, used 13219K [0x00000000c0000000, 0x00000000c4300000, 0x00000000eab00000)
  object space 68608K, 19% used [0x00000000c0000000,0x00000000c0ce8dc8,0x00000000c4300000)
 Metaspace       used 35068K, committed 35840K, reserved 1114112K
  class space    used 3467K, committed 3840K, reserved 1048576K
}
Event: 6.214 GC heap after
{Heap after GC invocations=11 (full 1):
 PSYoungGen      total 26624K, used 2597K [0x00000000eab00000, 0x00000000eca00000, 0x0000000100000000)
  eden space 23552K, 0% used [0x00000000eab00000,0x00000000eab00000,0x00000000ec200000)
  from space 3072K, 84% used [0x00000000ec700000,0x00000000ec9895a0,0x00000000eca00000)
  to   space 3072K, 0% used [0x00000000ec400000,0x00000000ec400000,0x00000000ec700000)
 ParOldGen       total 68608K, used 15516K [0x00000000c0000000, 0x00000000c4300000, 0x00000000eab00000)
  object space 68608K, 22% used [0x00000000c0000000,0x00000000c0f27298,0x00000000c4300000)
 Metaspace       used 35068K, committed 35840K, reserved 1114112K
  class space    used 3467K, committed 3840K, reserved 1048576K
}
Event: 6.214 GC heap before
{Heap before GC invocations=12 (full 2):
 PSYoungGen      total 26624K, used 2597K [0x00000000eab00000, 0x00000000eca00000, 0x0000000100000000)
  eden space 23552K, 0% used [0x00000000eab00000,0x00000000eab00000,0x00000000ec200000)
  from space 3072K, 84% used [0x00000000ec700000,0x00000000ec9895a0,0x00000000eca00000)
  to   space 3072K, 0% used [0x00000000ec400000,0x00000000ec400000,0x00000000ec700000)
 ParOldGen       total 68608K, used 15516K [0x00000000c0000000, 0x00000000c4300000, 0x00000000eab00000)
  object space 68608K, 22% used [0x00000000c0000000,0x00000000c0f27298,0x00000000c4300000)
 Metaspace       used 35068K, committed 35840K, reserved 1114112K
  class space    used 3467K, committed 3840K, reserved 1048576K
}
Event: 6.260 GC heap after
{Heap after GC invocations=12 (full 2):
 PSYoungGen      total 26624K, used 0K [0x00000000eab00000, 0x00000000eca00000, 0x0000000100000000)
  eden space 23552K, 0% used [0x00000000eab00000,0x00000000eab00000,0x00000000ec200000)
  from space 3072K, 0% used [0x00000000ec700000,0x00000000ec700000,0x00000000eca00000)
  to   space 3072K, 0% used [0x00000000ec400000,0x00000000ec400000,0x00000000ec700000)
 ParOldGen       total 68608K, used 15847K [0x00000000c0000000, 0x00000000c4300000, 0x00000000eab00000)
  object space 68608K, 23% used [0x00000000c0000000,0x00000000c0f79c30,0x00000000c4300000)
 Metaspace       used 35055K, committed 35840K, reserved 1114112K
  class space    used 3464K, committed 3840K, reserved 1048576K
}
Event: 6.680 GC heap before
{Heap before GC invocations=13 (full 2):
 PSYoungGen      total 26624K, used 23552K [0x00000000eab00000, 0x00000000eca00000, 0x0000000100000000)
  eden space 23552K, 100% used [0x00000000eab00000,0x00000000ec200000,0x00000000ec200000)
  from space 3072K, 0% used [0x00000000ec700000,0x00000000ec700000,0x00000000eca00000)
  to   space 3072K, 0% used [0x00000000ec400000,0x00000000ec400000,0x00000000ec700000)
 ParOldGen       total 68608K, used 15847K [0x00000000c0000000, 0x00000000c4300000, 0x00000000eab00000)
  object space 68608K, 23% used [0x00000000c0000000,0x00000000c0f79c30,0x00000000c4300000)
 Metaspace       used 38208K, committed 39104K, reserved 1114112K
  class space    used 3906K, committed 4288K, reserved 1048576K
}
Event: 6.682 GC heap after
{Heap after GC invocations=13 (full 2):
 PSYoungGen      total 24064K, used 931K [0x00000000eab00000, 0x00000000ec780000, 0x0000000100000000)
  eden space 23040K, 0% used [0x00000000eab00000,0x00000000eab00000,0x00000000ec180000)
  from space 1024K, 90% used [0x00000000ec400000,0x00000000ec4e8ec8,0x00000000ec500000)
  to   space 2048K, 0% used [0x00000000ec580000,0x00000000ec580000,0x00000000ec780000)
 ParOldGen       total 68608K, used 15855K [0x00000000c0000000, 0x00000000c4300000, 0x00000000eab00000)
  object space 68608K, 23% used [0x00000000c0000000,0x00000000c0f7bc30,0x00000000c4300000)
 Metaspace       used 38208K, committed 39104K, reserved 1114112K
  class space    used 3906K, committed 4288K, reserved 1048576K
}
Event: 6.975 GC heap before
{Heap before GC invocations=14 (full 2):
 PSYoungGen      total 24064K, used 23971K [0x00000000eab00000, 0x00000000ec780000, 0x0000000100000000)
  eden space 23040K, 100% used [0x00000000eab00000,0x00000000ec180000,0x00000000ec180000)
  from space 1024K, 90% used [0x00000000ec400000,0x00000000ec4e8ec8,0x00000000ec500000)
  to   space 2048K, 0% used [0x00000000ec580000,0x00000000ec580000,0x00000000ec780000)
 ParOldGen       total 68608K, used 15855K [0x00000000c0000000, 0x00000000c4300000, 0x00000000eab00000)
  object space 68608K, 23% used [0x00000000c0000000,0x00000000c0f7bc30,0x00000000c4300000)
 Metaspace       used 40374K, committed 41344K, reserved 1114112K
  class space    used 4157K, committed 4608K, reserved 1048576K
}
Event: 6.977 GC heap after
{Heap after GC invocations=14 (full 2):
 PSYoungGen      total 24064K, used 1157K [0x00000000eab00000, 0x00000000ec700000, 0x0000000100000000)
  eden space 22528K, 0% used [0x00000000eab00000,0x00000000eab00000,0x00000000ec100000)
  from space 1536K, 75% used [0x00000000ec580000,0x00000000ec6a1760,0x00000000ec700000)
  to   space 1536K, 0% used [0x00000000ec400000,0x00000000ec400000,0x00000000ec580000)
 ParOldGen       total 68608K, used 16618K [0x00000000c0000000, 0x00000000c4300000, 0x00000000eab00000)
  object space 68608K, 24% used [0x00000000c0000000,0x00000000c103ab30,0x00000000c4300000)
 Metaspace       used 40374K, committed 41344K, reserved 1114112K
  class space    used 4157K, committed 4608K, reserved 1048576K
}

