# JRE version: OpenJDK Runtime Environment Temurin-17.0.10+7 (17.0.10+7) (build 17.0.10+7)
# Java VM: OpenJDK 64-Bit Server VM Temurin-17.0.10+7 (17.0.10+7, mixed mode, emulated-client, tiered, compressed oops, compressed class ptrs, g1 gc, windows-amd64)
GC Precious Log:
 CPUs: 8 total, 8 available
 Memory: 7123M
 Large Page Support: Disabled
 NUMA Support: Disabled
 Compressed Oops: Enabled (32-bit)
 Heap Region Size: 1M
 Heap Min Capacity: 8M
 Heap Initial Capacity: 112M
 Heap Max Capacity: 1G
 Pre-touch: Disabled
 Parallel Workers: 8
 Concurrent Workers: 2
 Concurrent Refinement Workers: 8
 Periodic GC: Disabled
Heap:
 garbage-first heap   total 103424K, used 35662K [0x00000000c0000000, 0x0000000100000000)
  region size 1024K, 1 young (1024K), 0 survivors (0K)
 Metaspace       used 60432K, committed 60928K, reserved 1114112K
  class space    used 7519K, committed 7744K, reserved 1048576K
GC Heap History (20 events):
Event: 902.987 GC heap before
{Heap before GC invocations=86 (full 66):
 garbage-first heap   total 103424K, used 35662K [0x00000000c0000000, 0x0000000100000000)
  region size 1024K, 1 young (1024K), 0 survivors (0K)
 Metaspace       used 60432K, committed 60928K, reserved 1114112K
  class space    used 7519K, committed 7744K, reserved 1048576K
}
Event: 903.034 GC heap after
{Heap after GC invocations=87 (full 67):
 garbage-first heap   total 103424K, used 35662K [0x00000000c0000000, 0x0000000100000000)
  region size 1024K, 0 young (0K), 0 survivors (0K)
 Metaspace       used 60432K, committed 60928K, reserved 1114112K
  class space    used 7519K, committed 7744K, reserved 1048576K
}
Event: 913.313 GC heap before
{Heap before GC invocations=87 (full 67):
 garbage-first heap   total 103424K, used 35662K [0x00000000c0000000, 0x0000000100000000)
  region size 1024K, 1 young (1024K), 0 survivors (0K)
 Metaspace       used 60432K, committed 60928K, reserved 1114112K
  class space    used 7519K, committed 7744K, reserved 1048576K
}
Event: 913.367 GC heap after
{Heap after GC invocations=88 (full 68):
 garbage-first heap   total 103424K, used 35662K [0x00000000c0000000, 0x0000000100000000)
  region size 1024K, 0 young (0K), 0 survivors (0K)
 Metaspace       used 60432K, committed 60928K, reserved 1114112K
  class space    used 7519K, committed 7744K, reserved 1048576K
}
Event: 923.519 GC heap before
{Heap before GC invocations=88 (full 68):
 garbage-first heap   total 103424K, used 35662K [0x00000000c0000000, 0x0000000100000000)
  region size 1024K, 1 young (1024K), 0 survivors (0K)
 Metaspace       used 60432K, committed 60928K, reserved 1114112K
  class space    used 7519K, committed 7744K, reserved 1048576K
}
Event: 923.555 GC heap after
{Heap after GC invocations=89 (full 69):
 garbage-first heap   total 103424K, used 35662K [0x00000000c0000000, 0x0000000100000000)
  region size 1024K, 0 young (0K), 0 survivors (0K)
 Metaspace       used 60432K, committed 60928K, reserved 1114112K
  class space    used 7519K, committed 7744K, reserved 1048576K
}
Event: 933.783 GC heap before
{Heap before GC invocations=89 (full 69):
 garbage-first heap   total 103424K, used 35662K [0x00000000c0000000, 0x0000000100000000)
  region size 1024K, 1 young (1024K), 0 survivors (0K)
 Metaspace       used 60432K, committed 60928K, reserved 1114112K
  class space    used 7519K, committed 7744K, reserved 1048576K
}
Event: 933.823 GC heap after
{Heap after GC invocations=90 (full 70):
 garbage-first heap   total 103424K, used 35662K [0x00000000c0000000, 0x0000000100000000)
  region size 1024K, 0 young (0K), 0 survivors (0K)
 Metaspace       used 60432K, committed 60928K, reserved 1114112K
  class space    used 7519K, committed 7744K, reserved 1048576K
}
Event: 944.320 GC heap before
{Heap before GC invocations=90 (full 70):
 garbage-first heap   total 103424K, used 35662K [0x00000000c0000000, 0x0000000100000000)
  region size 1024K, 1 young (1024K), 0 survivors (0K)
 Metaspace       used 60432K, committed 60928K, reserved 1114112K
  class space    used 7519K, committed 7744K, reserved 1048576K
}
Event: 944.376 GC heap after
{Heap after GC invocations=91 (full 71):
 garbage-first heap   total 103424K, used 35662K [0x00000000c0000000, 0x0000000100000000)
  region size 1024K, 0 young (0K), 0 survivors (0K)
 Metaspace       used 60432K, committed 60928K, reserved 1114112K
  class space    used 7519K, committed 7744K, reserved 1048576K
}
Event: 954.514 GC heap before
{Heap before GC invocations=91 (full 71):
 garbage-first heap   total 103424K, used 35662K [0x00000000c0000000, 0x0000000100000000)
  region size 1024K, 1 young (1024K), 0 survivors (0K)
 Metaspace       used 60432K, committed 60928K, reserved 1114112K
  class space    used 7519K, committed 7744K, reserved 1048576K
}
Event: 954.547 GC heap after
{Heap after GC invocations=92 (full 72):
 garbage-first heap   total 103424K, used 35662K [0x00000000c0000000, 0x0000000100000000)
  region size 1024K, 0 young (0K), 0 survivors (0K)
 Metaspace       used 60432K, committed 60928K, reserved 1114112K
  class space    used 7519K, committed 7744K, reserved 1048576K
}
Event: 964.691 GC heap before
{Heap before GC invocations=92 (full 72):
 garbage-first heap   total 103424K, used 35662K [0x00000000c0000000, 0x0000000100000000)
  region size 1024K, 1 young (1024K), 0 survivors (0K)
 Metaspace       used 60432K, committed 60928K, reserved 1114112K
  class space    used 7519K, committed 7744K, reserved 1048576K
}
Event: 964.724 GC heap after
{Heap after GC invocations=93 (full 73):
 garbage-first heap   total 103424K, used 35662K [0x00000000c0000000, 0x0000000100000000)
  region size 1024K, 0 young (0K), 0 survivors (0K)
 Metaspace       used 60432K, committed 60928K, reserved 1114112K
  class space    used 7519K, committed 7744K, reserved 1048576K
}
Event: 974.949 GC heap before
{Heap before GC invocations=93 (full 73):
 garbage-first heap   total 103424K, used 35662K [0x00000000c0000000, 0x0000000100000000)
  region size 1024K, 1 young (1024K), 0 survivors (0K)
 Metaspace       used 60432K, committed 60928K, reserved 1114112K
  class space    used 7519K, committed 7744K, reserved 1048576K
}
Event: 974.997 GC heap after
{Heap after GC invocations=94 (full 74):
 garbage-first heap   total 103424K, used 35662K [0x00000000c0000000, 0x0000000100000000)
  region size 1024K, 0 young (0K), 0 survivors (0K)
 Metaspace       used 60432K, committed 60928K, reserved 1114112K
  class space    used 7519K, committed 7744K, reserved 1048576K
}
Event: 985.147 GC heap before
{Heap before GC invocations=94 (full 74):
 garbage-first heap   total 103424K, used 35662K [0x00000000c0000000, 0x0000000100000000)
  region size 1024K, 1 young (1024K), 0 survivors (0K)
 Metaspace       used 60432K, committed 60928K, reserved 1114112K
  class space    used 7519K, committed 7744K, reserved 1048576K
}
Event: 985.180 GC heap after
{Heap after GC invocations=95 (full 75):
 garbage-first heap   total 103424K, used 35662K [0x00000000c0000000, 0x0000000100000000)
  region size 1024K, 0 young (0K), 0 survivors (0K)
 Metaspace       used 60432K, committed 60928K, reserved 1114112K
  class space    used 7519K, committed 7744K, reserved 1048576K
}
Event: 995.338 GC heap before
{Heap before GC invocations=95 (full 75):
 garbage-first heap   total 103424K, used 35662K [0x00000000c0000000, 0x0000000100000000)
  region size 1024K, 1 young (1024K), 0 survivors (0K)
 Metaspace       used 60432K, committed 60928K, reserved 1114112K
  class space    used 7519K, committed 7744K, reserved 1048576K
}
Event: 995.371 GC heap after
{Heap after GC invocations=96 (full 76):
 garbage-first heap   total 103424K, used 35662K [0x00000000c0000000, 0x0000000100000000)
  region size 1024K, 0 young (0K), 0 survivors (0K)
 Metaspace       used 60432K, committed 60928K, reserved 1114112K
  class space    used 7519K, committed 7744K, reserved 1048576K
}

